<?xml version="1.0" encoding="utf-8"?><testsuites name="pytest tests"><testsuite name="pytest" errors="0" failures="0" skipped="0" tests="34" time="24.683" timestamp="2026-09-18T15:30:09.702445+00:00" hostname="agent-env-3c42195a-50bb-45bb-9100-f3460a032792"><testcase classname="tests.test_auth" name="test_health" time="0.165" /><testcase classname="tests.test_rbac_users" name="test_viewmanager_cannot_create_order" time="3.376" /><testcase classname="tests.test_rbac_users" name="test_viewmanager_cannot_approve" time="0.338" /><testcase classname="tests.test_auth" name="test_login_all_roles[admin]" time="3.213" /><testcase classname="tests.test_auth" name="test_login_all_roles[manager]" time="0.000" /><testcase classname="tests.test_auth" name="test_login_all_roles[viewmanager]" time="0.000" /><testcase classname="tests.test_auth" name="test_login_all_roles[amit]" time="0.000" /><testcase classname="tests.test_auth" name="test_login_all_roles[deepak]" time="0.000" /><testcase classname="tests.test_auth" name="test_login_all_roles[kavita]" time="0.000" /><testcase classname="tests.test_auth" name="test_login_all_roles[customer]" time="0.000" /><testcase classname="tests.test_auth" name="test_login_all_roles[vendor]" time="0.000" /><testcase classname="tests.test_auth" name="test_login_invalid_password" time="0.325" /><testcase classname="tests.test_auth" name="test_forgot_password_honest_state" time="0.243" /><testcase classname="tests.test_rbac_users" name="test_viewmanager_cannot_assign" time="0.144" /><testcase classname="tests.test_rbac_users" name="test_viewmanager_cannot_export" time="0.143" /><testcase classname="tests.test_auth" name="test_refresh_and_logout" time="0.489" /><testcase classname="tests.test_rbac_users" name="test_manager_can_export_csv" time="0.177" /><testcase classname="tests.test_rbac_users" name="test_deepak_can_create_draft_but_not_submit" time="0.163" /><testcase classname="tests.test_rbac_users" name="test_admin_create_toggle_reset_user" time="2.430" /><testcase classname="tests.test_auth" name="test_login_rate_limit" time="3.881" /><testcase classname="tests.test_rbac_users" name="test_non_admin_cannot_create_user" time="0.203" /><testcase classname="tests.test_features" name="test_customer_request_and_isolation" time="0.486" /><testcase classname="tests.test_features" name="test_request_convert_creates_draft_order" time="0.504" /><testcase classname="tests.test_features" name="test_followup_lifecycle" time="1.398" /><testcase classname="tests.test_auth" name="test_me_endpoint" time="0.131" /><testcase classname="tests.test_auth" name="test_invalid_token_rejected" time="0.162" /><testcase classname="tests.test_order_lifecycle" name="test_submit_validation_returns_missing_list" time="0.330" /><testcase classname="tests.test_order_lifecycle" name="test_full_happy_path" time="2.867" /><testcase classname="tests.test_features" name="test_notifications_inbox" time="0.464" /><testcase classname="tests.test_features" name="test_dashboard_and_reports" time="1.100" /><testcase classname="tests.test_features" name="test_csv_export_permission" time="0.314" /><testcase classname="tests.test_features" name="test_file_upload_and_auth" time="1.879" /><testcase classname="tests.test_order_lifecycle" name="test_send_back_and_resubmit_preserves_job_number" time="1.862" /><testcase classname="tests.test_order_lifecycle" name="test_approve_blocked_when_artwork_not_approved" time="10.581" /></testsuite></testsuites>